e:\winapicalculator-master\задание 6 (экзамен)\debug\cw_calculator.pch
e:\winapicalculator-master\задание 6 (экзамен)\debug\vc142.pdb
e:\winapicalculator-master\задание 6 (экзамен)\debug\vc142.idb
e:\winapicalculator-master\задание 6 (экзамен)\debug\stdafx.obj
e:\winapicalculator-master\задание 6 (экзамен)\debug\zadanie.obj
e:\winapicalculator-master\задание 6 (экзамен)\debug\calculator.obj
e:\winapicalculator-master\задание 6 (экзамен)\debug\задание 6 (экзамен).res
e:\winapicalculator-master\debug\cw_calculator.exe
e:\winapicalculator-master\задание 6 (экзамен)\debug\cw_calculator.ilk
e:\winapicalculator-master\debug\cw_calculator.pdb
e:\курсовая\задание 6 (экзамен)\debug\calculator.obj
e:\курсовая\задание 6 (экзамен)\debug\zadanie.obj
e:\курсовая\задание 6 (экзамен)\debug\stdafx.obj
e:\курсовая\задание 6 (экзамен)\debug\cw_calculator.ilk
e:\курсовая\задание 6 (экзамен)\debug\задание 6 (экзамен).res
e:\курсовая\задание 6 (экзамен)\debug\cw_calculator.pch
e:\курсовая\задание 6 (экзамен)\debug\vc142.idb
e:\курсовая\задание 6 (экзамен)\debug\vc142.pdb
e:\курсовая\debug\cw_calculator.pdb
e:\курсовая\debug\cw_calculator.exe
e:\курсовая\задание 6 (экзамен)\debug\cw_calculator.tlog\cl.read.1.tlog
e:\курсовая\задание 6 (экзамен)\debug\cw_calculator.tlog\cl.write.1.tlog
e:\курсовая\задание 6 (экзамен)\debug\cw_calculator.tlog\cl.command.1.tlog
e:\курсовая\задание 6 (экзамен)\debug\cw_calculator.tlog\rc.read.1.tlog
e:\курсовая\задание 6 (экзамен)\debug\cw_calculator.tlog\rc.write.1.tlog
e:\курсовая\задание 6 (экзамен)\debug\cw_calculator.tlog\rc.command.1.tlog
e:\курсовая\задание 6 (экзамен)\debug\cw_calculator.tlog\link.read.1.tlog
e:\курсовая\задание 6 (экзамен)\debug\cw_calculator.tlog\link.write.1.tlog
e:\курсовая\задание 6 (экзамен)\debug\cw_calculator.tlog\link.command.1.tlog
